[ 2016-03-24T09:33:09+08:00 ] 10.2.2.17 /index.php?s=/home/main/checkexcel&id=373&backpath=http://10.2.2.17:900/index.php?s=/home/main/index
INFO: [ app_init ] --START--
INFO: Run Behavior\BuildLiteBehavior [ RunTime:0.000000s ]
INFO: [ app_init ] --END-- [ RunTime:0.001000s ]
INFO: [ app_begin ] --START--
INFO: Run Behavior\ReadHtmlCacheBehavior [ RunTime:0.002000s ]
INFO: [ app_begin ] --END-- [ RunTime:0.003000s ]
NOTIC: [8] Undefined index: mid E:\wamp\www\Application\Home\Controller\FrontController.class.php 第 61 行.
SQL: SHOW COLUMNS FROM `report_report` [ RunTime:0.0100s ]
SQL: SELECT * FROM `report_report` WHERE `id` = 373 LIMIT 1   [ RunTime:0.1100s ]
SQL: SHOW COLUMNS FROM `report_user_set` [ RunTime:0.3200s ]
SQL: SELECT * FROM `report_user_set` WHERE `u_id` = '2' LIMIT 1   [ RunTime:0.0030s ]
NOTIC: [8] Undefined index: report E:\wamp\www\Application\Home\Controller\MainController.class.php 第 704 行.
INFO: [ view_parse ] --START--
NOTIC: [2] file_get_contents(Application/Home/View/Main/console_footer.html): failed to open stream: No such file or directory E:\wamp\www\ThinkPHP\Library\Think\Template.class.php 第 696 行.
INFO: [ template_filter ] --START--
INFO: Run Behavior\ContentReplaceBehavior [ RunTime:0.000000s ]
INFO: [ template_filter ] --END-- [ RunTime:0.000000s ]
NOTIC: [8] Undefined variable: other_script E:\wamp\www\Application\Runtime\Cache\Home\939307f013e9b49a177be2ab71d40464.php 第 12 行.
INFO: Run Behavior\ParseTemplateBehavior [ RunTime:0.172000s ]
INFO: [ view_parse ] --END-- [ RunTime:0.173000s ]
INFO: [ view_filter ] --START--
INFO: Run Behavior\WriteHtmlCacheBehavior [ RunTime:0.002000s ]
INFO: [ view_filter ] --END-- [ RunTime:0.002000s ]
INFO: [ app_end ] --START--
INFO: Run Behavior\ShowPageTraceBehavior [ RunTime:0.003000s ]
INFO: [ app_end ] --END-- [ RunTime:0.003000s ]

[ 2016-03-24T09:33:09+08:00 ] 10.2.2.17 /index.php?s=/home/main/checkexcel&id=373&backpath=http://10.2.2.17:900/index.php?s=/home/main/index
INFO: [ app_init ] --START--
INFO: Run Behavior\BuildLiteBehavior [ RunTime:0.000000s ]
INFO: [ app_init ] --END-- [ RunTime:0.001000s ]
INFO: [ app_begin ] --START--
INFO: Run Behavior\ReadHtmlCacheBehavior [ RunTime:0.002000s ]
INFO: [ app_begin ] --END-- [ RunTime:0.003000s ]
NOTIC: [8] Undefined index: mid E:\wamp\www\Application\Home\Controller\FrontController.class.php 第 61 行.
SQL: SHOW COLUMNS FROM `report_report` [ RunTime:0.0140s ]
SQL: SELECT * FROM `report_report` WHERE `id` = 373 LIMIT 1   [ RunTime:0.0010s ]
SQL: SHOW COLUMNS FROM `report_user_set` [ RunTime:0.0130s ]
SQL: SELECT * FROM `report_user_set` WHERE `u_id` = '2' LIMIT 1   [ RunTime:0.0010s ]
NOTIC: [8] Undefined index: report E:\wamp\www\Application\Home\Controller\MainController.class.php 第 704 行.
INFO: [ view_parse ] --START--
NOTIC: [2] file_get_contents(Application/Home/View/Main/console_footer.html): failed to open stream: No such file or directory E:\wamp\www\ThinkPHP\Library\Think\Template.class.php 第 696 行.
INFO: [ template_filter ] --START--
INFO: Run Behavior\ContentReplaceBehavior [ RunTime:0.001000s ]
INFO: [ template_filter ] --END-- [ RunTime:0.001000s ]
NOTIC: [8] Undefined variable: other_script E:\wamp\www\Application\Runtime\Cache\Home\939307f013e9b49a177be2ab71d40464.php 第 12 行.
INFO: Run Behavior\ParseTemplateBehavior [ RunTime:0.054000s ]
INFO: [ view_parse ] --END-- [ RunTime:0.055000s ]
INFO: [ view_filter ] --START--
INFO: Run Behavior\WriteHtmlCacheBehavior [ RunTime:0.003000s ]
INFO: [ view_filter ] --END-- [ RunTime:0.003000s ]
INFO: [ app_end ] --START--
INFO: Run Behavior\ShowPageTraceBehavior [ RunTime:0.004000s ]
INFO: [ app_end ] --END-- [ RunTime:0.004000s ]

[ 2016-03-24T09:35:17+08:00 ] 10.2.2.17 /index.php?s=/home/main/checkdel.html&id=373
INFO: [ app_init ] --START--
INFO: Run Behavior\BuildLiteBehavior [ RunTime:0.000000s ]
INFO: [ app_init ] --END-- [ RunTime:0.029000s ]
INFO: [ app_begin ] --START--
INFO: Run Behavior\ReadHtmlCacheBehavior [ RunTime:0.013000s ]
INFO: [ app_begin ] --END-- [ RunTime:0.013000s ]
NOTIC: [8] Undefined index: mid E:\wamp\www\Application\Home\Controller\FrontController.class.php 第 61 行.
SQL: SHOW COLUMNS FROM `report_report` [ RunTime:0.0110s ]
SQL: SELECT * FROM `report_report` WHERE `id` = 373 LIMIT 1   [ RunTime:0.0010s ]
SQL: DELETE FROM `report_report` WHERE `id` = 373 [ RunTime:0.2740s ]
INFO: [ app_end ] --START--
INFO: Run Behavior\ShowPageTraceBehavior [ RunTime:0.004000s ]
INFO: [ app_end ] --END-- [ RunTime:0.004000s ]

[ 2016-03-24T09:35:18+08:00 ] 10.2.2.17 /index.php?s=/home/main/editreport.html
INFO: [ app_init ] --START--
INFO: Run Behavior\BuildLiteBehavior [ RunTime:0.001000s ]
INFO: [ app_init ] --END-- [ RunTime:0.001000s ]
INFO: [ app_begin ] --START--
INFO: Run Behavior\ReadHtmlCacheBehavior [ RunTime:0.002000s ]
INFO: [ app_begin ] --END-- [ RunTime:0.002000s ]
NOTIC: [8] Undefined index: mid E:\wamp\www\Application\Home\Controller\FrontController.class.php 第 61 行.
NOTIC: [8] Undefined index: frequentness E:\wamp\www\Application\Home\Controller\MainController.class.php 第 284 行.
SQL: SHOW COLUMNS FROM `report_user_set` [ RunTime:0.0100s ]
SQL: SELECT * FROM `report_user_set` WHERE `u_id` = '2' LIMIT 1   [ RunTime:0.0010s ]
NOTIC: [8] Undefined offset: 1 E:\wamp\www\Application\Home\Controller\MainController.class.php 第 376 行.
NOTIC: [2] fread(): Length parameter must be greater than 0 E:\wamp\www\ThinkPHP\Library\Vendor\PclZip.php 第 2673 行.
SQL: SHOW COLUMNS FROM `report_report` [ RunTime:0.0130s ]
SQL: SELECT * FROM `report_report` WHERE `u_id` = 2 AND `year` = '2016' AND `month` = '03' AND `frequentness` = '1' AND `reportname` = 'LR' LIMIT 1   [ RunTime:0.0010s ]
SQL: INSERT INTO `report_report` (`path`,`u_id`,`year`,`month`,`frequentness`,`reportname`,`updatetime`) VALUES ('2016-03-24/2-2016-03-1LR.zip','2','2016','03','1','LR','1458783317') [ RunTime:0.2000s ]
INFO: [ app_end ] --START--
INFO: Run Behavior\ShowPageTraceBehavior [ RunTime:0.002000s ]
INFO: [ app_end ] --END-- [ RunTime:0.003000s ]

[ 2016-03-24T09:35:20+08:00 ] 10.2.2.17 /index.php?s=/home/main/index.html
INFO: [ app_init ] --START--
INFO: Run Behavior\BuildLiteBehavior [ RunTime:0.000000s ]
INFO: [ app_init ] --END-- [ RunTime:0.001000s ]
INFO: [ app_begin ] --START--
INFO: Run Behavior\ReadHtmlCacheBehavior [ RunTime:0.001000s ]
INFO: [ app_begin ] --END-- [ RunTime:0.001000s ]
NOTIC: [8] Undefined index: mid E:\wamp\www\Application\Home\Controller\FrontController.class.php 第 61 行.
NOTIC: [8] Undefined index: year E:\wamp\www\Application\Home\Controller\MainController.class.php 第 17 行.
NOTIC: [8] Undefined index: month E:\wamp\www\Application\Home\Controller\MainController.class.php 第 18 行.
SQL: SHOW COLUMNS FROM `report_report` [ RunTime:0.0140s ]
NOTIC: [8] Undefined index: reportname E:\wamp\www\Application\Home\Model\ReportModel.class.php 第 13 行.
SQL: SELECT COUNT(*) AS tp_count FROM `report_report` WHERE `u_id` = 2 LIMIT 1   [ RunTime:0.0020s ]
SQL: SELECT * FROM `report_report` WHERE `u_id` = 2 ORDER BY month LIMIT 0,10   [ RunTime:0.0020s ]
INFO: [ view_parse ] --START--
NOTIC: [2] file_get_contents(Application/Home/View/Main/console_footer.html): failed to open stream: No such file or directory E:\wamp\www\ThinkPHP\Library\Think\Template.class.php 第 696 行.
INFO: [ template_filter ] --START--
INFO: Run Behavior\ContentReplaceBehavior [ RunTime:0.000000s ]
INFO: [ template_filter ] --END-- [ RunTime:0.001000s ]
NOTIC: [8] Undefined variable: other_script E:\wamp\www\Application\Runtime\Cache\Home\e66f279ca0f533de0add8e999d45677c.php 第 13 行.
NOTIC: [8] Undefined variable: curr_season E:\wamp\www\Application\Runtime\Cache\Home\e66f279ca0f533de0add8e999d45677c.php 第 61 行.
NOTIC: [8] Undefined variable: curr_season E:\wamp\www\Application\Runtime\Cache\Home\e66f279ca0f533de0add8e999d45677c.php 第 61 行.
NOTIC: [8] Undefined variable: curr_season E:\wamp\www\Application\Runtime\Cache\Home\e66f279ca0f533de0add8e999d45677c.php 第 61 行.
NOTIC: [8] Undefined variable: curr_season E:\wamp\www\Application\Runtime\Cache\Home\e66f279ca0f533de0add8e999d45677c.php 第 61 行.
NOTIC: [8] Undefined variable: curr_season E:\wamp\www\Application\Runtime\Cache\Home\e66f279ca0f533de0add8e999d45677c.php 第 61 行.
NOTIC: [8] Undefined variable: curr_season E:\wamp\www\Application\Runtime\Cache\Home\e66f279ca0f533de0add8e999d45677c.php 第 61 行.
NOTIC: [8] Undefined variable: curr_season E:\wamp\www\Application\Runtime\Cache\Home\e66f279ca0f533de0add8e999d45677c.php 第 61 行.
NOTIC: [8] Undefined variable: curr_season E:\wamp\www\Application\Runtime\Cache\Home\e66f279ca0f533de0add8e999d45677c.php 第 61 行.
NOTIC: [8] Undefined variable: curr_season E:\wamp\www\Application\Runtime\Cache\Home\e66f279ca0f533de0add8e999d45677c.php 第 61 行.
NOTIC: [8] Undefined variable: curr_season E:\wamp\www\Application\Runtime\Cache\Home\e66f279ca0f533de0add8e999d45677c.php 第 61 行.
NOTIC: [8] Undefined variable: curr_season E:\wamp\www\Application\Runtime\Cache\Home\e66f279ca0f533de0add8e999d45677c.php 第 61 行.
NOTIC: [8] Undefined variable: curr_season E:\wamp\www\Application\Runtime\Cache\Home\e66f279ca0f533de0add8e999d45677c.php 第 61 行.
NOTIC: [8] Undefined variable: curr_season E:\wamp\www\Application\Runtime\Cache\Home\e66f279ca0f533de0add8e999d45677c.php 第 61 行.
INFO: Run Behavior\ParseTemplateBehavior [ RunTime:0.046000s ]
INFO: [ view_parse ] --END-- [ RunTime:0.046000s ]
INFO: [ view_filter ] --START--
INFO: Run Behavior\WriteHtmlCacheBehavior [ RunTime:0.001000s ]
INFO: [ view_filter ] --END-- [ RunTime:0.002000s ]
INFO: [ app_end ] --START--
INFO: Run Behavior\ShowPageTraceBehavior [ RunTime:0.001000s ]
INFO: [ app_end ] --END-- [ RunTime:0.001000s ]

[ 2016-03-24T09:35:31+08:00 ] 10.2.2.17 /index.php?s=/home/main/checkexcel&id=375&backpath=http://10.2.2.17:900/index.php?s=/home/main/index
INFO: [ app_init ] --START--
INFO: Run Behavior\BuildLiteBehavior [ RunTime:0.000000s ]
INFO: [ app_init ] --END-- [ RunTime:0.001000s ]
INFO: [ app_begin ] --START--
INFO: Run Behavior\ReadHtmlCacheBehavior [ RunTime:0.003000s ]
INFO: [ app_begin ] --END-- [ RunTime:0.003000s ]
NOTIC: [8] Undefined index: mid E:\wamp\www\Application\Home\Controller\FrontController.class.php 第 61 行.
SQL: SHOW COLUMNS FROM `report_report` [ RunTime:0.0110s ]
SQL: SELECT * FROM `report_report` WHERE `id` = 375 LIMIT 1   [ RunTime:0.0020s ]
SQL: SHOW COLUMNS FROM `report_user_set` [ RunTime:0.0120s ]
SQL: SELECT * FROM `report_user_set` WHERE `u_id` = '2' LIMIT 1   [ RunTime:0.0020s ]
NOTIC: [8] Undefined index: report E:\wamp\www\Application\Home\Controller\MainController.class.php 第 704 行.
INFO: [ view_parse ] --START--
NOTIC: [2] file_get_contents(Application/Home/View/Main/console_footer.html): failed to open stream: No such file or directory E:\wamp\www\ThinkPHP\Library\Think\Template.class.php 第 696 行.
INFO: [ template_filter ] --START--
INFO: Run Behavior\ContentReplaceBehavior [ RunTime:0.001000s ]
INFO: [ template_filter ] --END-- [ RunTime:0.001000s ]
NOTIC: [8] Undefined variable: other_script E:\wamp\www\Application\Runtime\Cache\Home\939307f013e9b49a177be2ab71d40464.php 第 12 行.
INFO: Run Behavior\ParseTemplateBehavior [ RunTime:0.063000s ]
INFO: [ view_parse ] --END-- [ RunTime:0.063000s ]
INFO: [ view_filter ] --START--
INFO: Run Behavior\WriteHtmlCacheBehavior [ RunTime:0.002000s ]
INFO: [ view_filter ] --END-- [ RunTime:0.003000s ]
INFO: [ app_end ] --START--
INFO: Run Behavior\ShowPageTraceBehavior [ RunTime:0.003000s ]
INFO: [ app_end ] --END-- [ RunTime:0.003000s ]

[ 2016-03-24T09:35:35+08:00 ] 10.2.2.17 /index.php?s=/home/main/checkdel.html&id=375
INFO: [ app_init ] --START--
INFO: Run Behavior\BuildLiteBehavior [ RunTime:0.000000s ]
INFO: [ app_init ] --END-- [ RunTime:0.001000s ]
INFO: [ app_begin ] --START--
INFO: Run Behavior\ReadHtmlCacheBehavior [ RunTime:0.002000s ]
INFO: [ app_begin ] --END-- [ RunTime:0.002000s ]
NOTIC: [8] Undefined index: mid E:\wamp\www\Application\Home\Controller\FrontController.class.php 第 61 行.
SQL: SHOW COLUMNS FROM `report_report` [ RunTime:0.0100s ]
SQL: SELECT * FROM `report_report` WHERE `id` = 375 LIMIT 1   [ RunTime:0.0010s ]
SQL: DELETE FROM `report_report` WHERE `id` = 375 [ RunTime:0.0020s ]
INFO: [ app_end ] --START--
INFO: Run Behavior\ShowPageTraceBehavior [ RunTime:0.002000s ]
INFO: [ app_end ] --END-- [ RunTime:0.002000s ]

[ 2016-03-24T09:35:36+08:00 ] 10.2.2.17 /index.php?s=/home/main/editreport.html
INFO: [ app_init ] --START--
INFO: Run Behavior\BuildLiteBehavior [ RunTime:0.000000s ]
INFO: [ app_init ] --END-- [ RunTime:0.001000s ]
INFO: [ app_begin ] --START--
INFO: Run Behavior\ReadHtmlCacheBehavior [ RunTime:0.001000s ]
INFO: [ app_begin ] --END-- [ RunTime:0.001000s ]
NOTIC: [8] Undefined index: mid E:\wamp\www\Application\Home\Controller\FrontController.class.php 第 61 行.
NOTIC: [8] Undefined index: frequentness E:\wamp\www\Application\Home\Controller\MainController.class.php 第 284 行.
SQL: SHOW COLUMNS FROM `report_user_set` [ RunTime:0.0110s ]
SQL: SELECT * FROM `report_user_set` WHERE `u_id` = '2' LIMIT 1   [ RunTime:0.0010s ]
NOTIC: [8] Undefined offset: 1 E:\wamp\www\Application\Home\Controller\MainController.class.php 第 376 行.
NOTIC: [2] fread(): Length parameter must be greater than 0 E:\wamp\www\ThinkPHP\Library\Vendor\PclZip.php 第 2673 行.
SQL: SHOW COLUMNS FROM `report_report` [ RunTime:0.0110s ]
SQL: SELECT * FROM `report_report` WHERE `u_id` = 2 AND `year` = '2016' AND `month` = '03' AND `frequentness` = '1' AND `reportname` = 'LR' LIMIT 1   [ RunTime:0.0010s ]
SQL: INSERT INTO `report_report` (`path`,`u_id`,`year`,`month`,`frequentness`,`reportname`,`updatetime`) VALUES ('2016-03-24/2-2016-03-1LR.zip','2','2016','03','1','LR','1458783335') [ RunTime:0.0010s ]
INFO: [ app_end ] --START--
INFO: Run Behavior\ShowPageTraceBehavior [ RunTime:0.002000s ]
INFO: [ app_end ] --END-- [ RunTime:0.003000s ]

[ 2016-03-24T09:35:37+08:00 ] 10.2.2.17 /index.php?s=/home/main/index.html
INFO: [ app_init ] --START--
INFO: Run Behavior\BuildLiteBehavior [ RunTime:0.000000s ]
INFO: [ app_init ] --END-- [ RunTime:0.001000s ]
INFO: [ app_begin ] --START--
INFO: Run Behavior\ReadHtmlCacheBehavior [ RunTime:0.001000s ]
INFO: [ app_begin ] --END-- [ RunTime:0.002000s ]
NOTIC: [8] Undefined index: mid E:\wamp\www\Application\Home\Controller\FrontController.class.php 第 61 行.
NOTIC: [8] Undefined index: year E:\wamp\www\Application\Home\Controller\MainController.class.php 第 17 行.
NOTIC: [8] Undefined index: month E:\wamp\www\Application\Home\Controller\MainController.class.php 第 18 行.
SQL: SHOW COLUMNS FROM `report_report` [ RunTime:0.0110s ]
NOTIC: [8] Undefined index: reportname E:\wamp\www\Application\Home\Model\ReportModel.class.php 第 13 行.
SQL: SELECT COUNT(*) AS tp_count FROM `report_report` WHERE `u_id` = 2 LIMIT 1   [ RunTime:0.0000s ]
SQL: SELECT * FROM `report_report` WHERE `u_id` = 2 ORDER BY month LIMIT 0,10   [ RunTime:0.0020s ]
INFO: [ view_parse ] --START--
NOTIC: [2] file_get_contents(Application/Home/View/Main/console_footer.html): failed to open stream: No such file or directory E:\wamp\www\ThinkPHP\Library\Think\Template.class.php 第 696 行.
INFO: [ template_filter ] --START--
INFO: Run Behavior\ContentReplaceBehavior [ RunTime:0.000000s ]
INFO: [ template_filter ] --END-- [ RunTime:0.001000s ]
NOTIC: [8] Undefined variable: other_script E:\wamp\www\Application\Runtime\Cache\Home\e66f279ca0f533de0add8e999d45677c.php 第 13 行.
NOTIC: [8] Undefined variable: curr_season E:\wamp\www\Application\Runtime\Cache\Home\e66f279ca0f533de0add8e999d45677c.php 第 61 行.
NOTIC: [8] Undefined variable: curr_season E:\wamp\www\Application\Runtime\Cache\Home\e66f279ca0f533de0add8e999d45677c.php 第 61 行.
NOTIC: [8] Undefined variable: curr_season E:\wamp\www\Application\Runtime\Cache\Home\e66f279ca0f533de0add8e999d45677c.php 第 61 行.
NOTIC: [8] Undefined variable: curr_season E:\wamp\www\Application\Runtime\Cache\Home\e66f279ca0f533de0add8e999d45677c.php 第 61 行.
NOTIC: [8] Undefined variable: curr_season E:\wamp\www\Application\Runtime\Cache\Home\e66f279ca0f533de0add8e999d45677c.php 第 61 行.
NOTIC: [8] Undefined variable: curr_season E:\wamp\www\Application\Runtime\Cache\Home\e66f279ca0f533de0add8e999d45677c.php 第 61 行.
NOTIC: [8] Undefined variable: curr_season E:\wamp\www\Application\Runtime\Cache\Home\e66f279ca0f533de0add8e999d45677c.php 第 61 行.
NOTIC: [8] Undefined variable: curr_season E:\wamp\www\Application\Runtime\Cache\Home\e66f279ca0f533de0add8e999d45677c.php 第 61 行.
NOTIC: [8] Undefined variable: curr_season E:\wamp\www\Application\Runtime\Cache\Home\e66f279ca0f533de0add8e999d45677c.php 第 61 行.
NOTIC: [8] Undefined variable: curr_season E:\wamp\www\Application\Runtime\Cache\Home\e66f279ca0f533de0add8e999d45677c.php 第 61 行.
NOTIC: [8] Undefined variable: curr_season E:\wamp\www\Application\Runtime\Cache\Home\e66f279ca0f533de0add8e999d45677c.php 第 61 行.
NOTIC: [8] Undefined variable: curr_season E:\wamp\www\Application\Runtime\Cache\Home\e66f279ca0f533de0add8e999d45677c.php 第 61 行.
NOTIC: [8] Undefined variable: curr_season E:\wamp\www\Application\Runtime\Cache\Home\e66f279ca0f533de0add8e999d45677c.php 第 61 行.
INFO: Run Behavior\ParseTemplateBehavior [ RunTime:0.036000s ]
INFO: [ view_parse ] --END-- [ RunTime:0.036000s ]
INFO: [ view_filter ] --START--
INFO: Run Behavior\WriteHtmlCacheBehavior [ RunTime:0.001000s ]
INFO: [ view_filter ] --END-- [ RunTime:0.001000s ]
INFO: [ app_end ] --START--
INFO: Run Behavior\ShowPageTraceBehavior [ RunTime:0.001000s ]
INFO: [ app_end ] --END-- [ RunTime:0.001000s ]

[ 2016-03-24T09:35:42+08:00 ] 10.2.2.17 /index.php?s=/home/main/checkexcel&id=376&backpath=http://10.2.2.17:900/index.php?s=/home/main/index
INFO: [ app_init ] --START--
INFO: Run Behavior\BuildLiteBehavior [ RunTime:0.000000s ]
INFO: [ app_init ] --END-- [ RunTime:0.001000s ]
INFO: [ app_begin ] --START--
INFO: Run Behavior\ReadHtmlCacheBehavior [ RunTime:0.001000s ]
INFO: [ app_begin ] --END-- [ RunTime:0.001000s ]
NOTIC: [8] Undefined index: mid E:\wamp\www\Application\Home\Controller\FrontController.class.php 第 61 行.
SQL: SHOW COLUMNS FROM `report_report` [ RunTime:0.0140s ]
SQL: SELECT * FROM `report_report` WHERE `id` = 376 LIMIT 1   [ RunTime:0.0010s ]
SQL: SHOW COLUMNS FROM `report_user_set` [ RunTime:0.0110s ]
SQL: SELECT * FROM `report_user_set` WHERE `u_id` = '2' LIMIT 1   [ RunTime:0.0010s ]
NOTIC: [8] Undefined index: report E:\wamp\www\Application\Home\Controller\MainController.class.php 第 704 行.
INFO: [ view_parse ] --START--
NOTIC: [2] file_get_contents(Application/Home/View/Main/console_footer.html): failed to open stream: No such file or directory E:\wamp\www\ThinkPHP\Library\Think\Template.class.php 第 696 行.
INFO: [ template_filter ] --START--
INFO: Run Behavior\ContentReplaceBehavior [ RunTime:0.001000s ]
INFO: [ template_filter ] --END-- [ RunTime:0.001000s ]
NOTIC: [8] Undefined variable: other_script E:\wamp\www\Application\Runtime\Cache\Home\939307f013e9b49a177be2ab71d40464.php 第 12 行.
INFO: Run Behavior\ParseTemplateBehavior [ RunTime:0.031000s ]
INFO: [ view_parse ] --END-- [ RunTime:0.032000s ]
INFO: [ view_filter ] --START--
INFO: Run Behavior\WriteHtmlCacheBehavior [ RunTime:0.000000s ]
INFO: [ view_filter ] --END-- [ RunTime:0.001000s ]
INFO: [ app_end ] --START--
INFO: Run Behavior\ShowPageTraceBehavior [ RunTime:0.001000s ]
INFO: [ app_end ] --END-- [ RunTime:0.002000s ]

[ 2016-03-24T09:35:45+08:00 ] 10.2.2.17 /index.php?s=/home/main/index.html
INFO: [ app_init ] --START--
INFO: Run Behavior\BuildLiteBehavior [ RunTime:0.000000s ]
INFO: [ app_init ] --END-- [ RunTime:0.001000s ]
INFO: [ app_begin ] --START--
INFO: Run Behavior\ReadHtmlCacheBehavior [ RunTime:0.001000s ]
INFO: [ app_begin ] --END-- [ RunTime:0.001000s ]
NOTIC: [8] Undefined index: mid E:\wamp\www\Application\Home\Controller\FrontController.class.php 第 61 行.
NOTIC: [8] Undefined index: year E:\wamp\www\Application\Home\Controller\MainController.class.php 第 17 行.
NOTIC: [8] Undefined index: month E:\wamp\www\Application\Home\Controller\MainController.class.php 第 18 行.
SQL: SHOW COLUMNS FROM `report_report` [ RunTime:0.0120s ]
NOTIC: [8] Undefined index: reportname E:\wamp\www\Application\Home\Model\ReportModel.class.php 第 13 行.
SQL: SELECT COUNT(*) AS tp_count FROM `report_report` WHERE `u_id` = 2 LIMIT 1   [ RunTime:0.0020s ]
SQL: SELECT * FROM `report_report` WHERE `u_id` = 2 ORDER BY month LIMIT 0,10   [ RunTime:0.0010s ]
INFO: [ view_parse ] --START--
NOTIC: [2] file_get_contents(Application/Home/View/Main/console_footer.html): failed to open stream: No such file or directory E:\wamp\www\ThinkPHP\Library\Think\Template.class.php 第 696 行.
INFO: [ template_filter ] --START--
INFO: Run Behavior\ContentReplaceBehavior [ RunTime:0.000000s ]
INFO: [ template_filter ] --END-- [ RunTime:0.000000s ]
NOTIC: [8] Undefined variable: other_script E:\wamp\www\Application\Runtime\Cache\Home\e66f279ca0f533de0add8e999d45677c.php 第 13 行.
NOTIC: [8] Undefined variable: curr_season E:\wamp\www\Application\Runtime\Cache\Home\e66f279ca0f533de0add8e999d45677c.php 第 61 行.
NOTIC: [8] Undefined variable: curr_season E:\wamp\www\Application\Runtime\Cache\Home\e66f279ca0f533de0add8e999d45677c.php 第 61 行.
NOTIC: [8] Undefined variable: curr_season E:\wamp\www\Application\Runtime\Cache\Home\e66f279ca0f533de0add8e999d45677c.php 第 61 行.
NOTIC: [8] Undefined variable: curr_season E:\wamp\www\Application\Runtime\Cache\Home\e66f279ca0f533de0add8e999d45677c.php 第 61 行.
NOTIC: [8] Undefined variable: curr_season E:\wamp\www\Application\Runtime\Cache\Home\e66f279ca0f533de0add8e999d45677c.php 第 61 行.
NOTIC: [8] Undefined variable: curr_season E:\wamp\www\Application\Runtime\Cache\Home\e66f279ca0f533de0add8e999d45677c.php 第 61 行.
NOTIC: [8] Undefined variable: curr_season E:\wamp\www\Application\Runtime\Cache\Home\e66f279ca0f533de0add8e999d45677c.php 第 61 行.
NOTIC: [8] Undefined variable: curr_season E:\wamp\www\Application\Runtime\Cache\Home\e66f279ca0f533de0add8e999d45677c.php 第 61 行.
NOTIC: [8] Undefined variable: curr_season E:\wamp\www\Application\Runtime\Cache\Home\e66f279ca0f533de0add8e999d45677c.php 第 61 行.
NOTIC: [8] Undefined variable: curr_season E:\wamp\www\Application\Runtime\Cache\Home\e66f279ca0f533de0add8e999d45677c.php 第 61 行.
NOTIC: [8] Undefined variable: curr_season E:\wamp\www\Application\Runtime\Cache\Home\e66f279ca0f533de0add8e999d45677c.php 第 61 行.
NOTIC: [8] Undefined variable: curr_season E:\wamp\www\Application\Runtime\Cache\Home\e66f279ca0f533de0add8e999d45677c.php 第 61 行.
NOTIC: [8] Undefined variable: curr_season E:\wamp\www\Application\Runtime\Cache\Home\e66f279ca0f533de0add8e999d45677c.php 第 61 行.
INFO: Run Behavior\ParseTemplateBehavior [ RunTime:0.031000s ]
INFO: [ view_parse ] --END-- [ RunTime:0.032000s ]
INFO: [ view_filter ] --START--
INFO: Run Behavior\WriteHtmlCacheBehavior [ RunTime:0.001000s ]
INFO: [ view_filter ] --END-- [ RunTime:0.001000s ]
INFO: [ app_end ] --START--
INFO: Run Behavior\ShowPageTraceBehavior [ RunTime:0.001000s ]
INFO: [ app_end ] --END-- [ RunTime:0.001000s ]

